14 Aug 2019 04:12:10
14 Aug 2019 04:38:35
14 Aug 2019 04:38:36
14 Aug 2019 04:38:37
14 Aug 2019 04:57:08
14 Aug 2019 05:02:20
14 Aug 2019 05:04:20
14 Aug 2019 05:04:48
14 Aug 2019 05:05:39
14 Aug 2019 05:05:51
14 Aug 2019 05:05:51
14 Aug 2019 05:07:38
14 Aug 2019 05:07:39
14 Aug 2019 05:10:07
14 Aug 2019 05:17:39
14 Aug 2019 05:17:43
14 Aug 2019 05:17:44
14 Aug 2019 05:22:09
14 Aug 2019 05:22:10
14 Aug 2019 05:33:32
14 Aug 2019 05:33:34
14 Aug 2019 05:33:35
14 Aug 2019 05:39:19
14 Aug 2019 05:39:42
14 Aug 2019 05:39:43
14 Aug 2019 05:52:39
14 Aug 2019 05:55:41
14 Aug 2019 05:57:40
14 Aug 2019 05:57:40
14 Aug 2019 06:02:50
14 Aug 2019 06:07:07
14 Aug 2019 06:07:59
14 Aug 2019 06:13:53
14 Aug 2019 06:15:34
14 Aug 2019 06:28:13
14 Aug 2019 06:28:13
14 Aug 2019 06:28:13
14 Aug 2019 06:35:37
14 Aug 2019 06:35:38
14 Aug 2019 06:41:48
14 Aug 2019 06:41:49
14 Aug 2019 06:45:20
14 Aug 2019 06:46:41
14 Aug 2019 06:56:57
14 Aug 2019 06:56:58
14 Aug 2019 06:57:00
14 Aug 2019 06:57:01
14 Aug 2019 06:57:02
14 Aug 2019 07:07:18
14 Aug 2019 07:07:19
14 Aug 2019 07:07:20
14 Aug 2019 07:07:20
14 Aug 2019 07:07:21
14 Aug 2019 07:07:55
14 Aug 2019 07:07:57
14 Aug 2019 07:07:57
14 Aug 2019 07:09:43
14 Aug 2019 07:13:11
14 Aug 2019 07:13:14
14 Aug 2019 07:24:23
14 Aug 2019 07:24:23
14 Aug 2019 07:24:24
14 Aug 2019 07:45:28
14 Aug 2019 07:45:29
14 Aug 2019 07:49:27
14 Aug 2019 07:49:30
14 Aug 2019 07:54:05
14 Aug 2019 07:54:09
14 Aug 2019 07:54:37
14 Aug 2019 07:57:08
14 Aug 2019 07:57:09
14 Aug 2019 07:57:09
14 Aug 2019 08:10:56
14 Aug 2019 08:21:48
14 Aug 2019 08:23:40
14 Aug 2019 08:23:40
14 Aug 2019 08:23:41
14 Aug 2019 08:26:34
14 Aug 2019 08:26:35
14 Aug 2019 08:30:17
14 Aug 2019 08:39:44
14 Aug 2019 08:40:24
14 Aug 2019 08:42:49
14 Aug 2019 08:42:50
14 Aug 2019 08:43:41
14 Aug 2019 08:44:52
14 Aug 2019 08:44:55
14 Aug 2019 08:44:55
14 Aug 2019 08:44:58
14 Aug 2019 08:45:35
14 Aug 2019 08:45:36
14 Aug 2019 08:45:39
14 Aug 2019 09:06:27
14 Aug 2019 09:06:27
14 Aug 2019 09:06:32
14 Aug 2019 09:06:33
14 Aug 2019 09:08:30
14 Aug 2019 09:08:31
14 Aug 2019 09:08:33
14 Aug 2019 09:10:21
14 Aug 2019 09:17:15
14 Aug 2019 09:17:15
14 Aug 2019 09:17:15
14 Aug 2019 09:17:15
14 Aug 2019 09:17:15
14 Aug 2019 09:17:15
14 Aug 2019 09:17:15
14 Aug 2019 09:17:15
14 Aug 2019 09:17:15
14 Aug 2019 09:17:15
14 Aug 2019 09:17:15
14 Aug 2019 09:17:15
14 Aug 2019 09:17:15
14 Aug 2019 09:17:15
14 Aug 2019 09:17:16
14 Aug 2019 09:17:16
14 Aug 2019 09:17:16
14 Aug 2019 09:17:16
14 Aug 2019 09:17:16
14 Aug 2019 09:17:16
14 Aug 2019 09:17:16
14 Aug 2019 09:17:16
14 Aug 2019 09:17:16
14 Aug 2019 09:17:16
14 Aug 2019 09:17:16
14 Aug 2019 09:17:16
14 Aug 2019 09:17:16
14 Aug 2019 09:17:16
14 Aug 2019 09:17:16
14 Aug 2019 09:17:16
14 Aug 2019 09:17:16
14 Aug 2019 09:17:16
14 Aug 2019 09:17:16
14 Aug 2019 09:17:47
14 Aug 2019 09:21:46
14 Aug 2019 09:31:46
14 Aug 2019 09:31:47
14 Aug 2019 09:31:47
14 Aug 2019 09:31:48
14 Aug 2019 09:31:48
14 Aug 2019 09:31:49
14 Aug 2019 09:31:50
14 Aug 2019 09:31:50
14 Aug 2019 09:31:50
14 Aug 2019 09:31:50
14 Aug 2019 09:31:51
14 Aug 2019 09:31:52
14 Aug 2019 09:48:27
14 Aug 2019 09:48:28
14 Aug 2019 09:48:30
14 Aug 2019 09:50:14
14 Aug 2019 09:50:15
14 Aug 2019 09:50:27
14 Aug 2019 09:50:28
14 Aug 2019 10:15:47
14 Aug 2019 10:17:37
14 Aug 2019 10:17:37
14 Aug 2019 10:17:38
14 Aug 2019 10:17:43
14 Aug 2019 10:19:24
14 Aug 2019 10:19:25
14 Aug 2019 10:19:25
14 Aug 2019 10:19:26
14 Aug 2019 10:19:27
14 Aug 2019 10:19:28
14 Aug 2019 10:19:28
14 Aug 2019 10:19:29
14 Aug 2019 10:21:00
14 Aug 2019 10:21:00
14 Aug 2019 10:21:00
14 Aug 2019 10:21:00
14 Aug 2019 10:21:00
14 Aug 2019 10:21:00
14 Aug 2019 10:21:00
14 Aug 2019 10:21:00
14 Aug 2019 10:21:00
14 Aug 2019 10:21:00
14 Aug 2019 10:21:00
14 Aug 2019 10:21:00
14 Aug 2019 10:21:00
14 Aug 2019 10:21:00
14 Aug 2019 10:21:00
14 Aug 2019 10:21:01
14 Aug 2019 10:21:01
14 Aug 2019 10:23:21
14 Aug 2019 10:27:26
14 Aug 2019 10:27:30
14 Aug 2019 10:27:34
14 Aug 2019 10:30:56
14 Aug 2019 10:30:58
14 Aug 2019 10:30:59
14 Aug 2019 10:32:05
14 Aug 2019 10:32:07
14 Aug 2019 10:47:38
14 Aug 2019 10:47:40
14 Aug 2019 10:47:41
14 Aug 2019 11:00:23
14 Aug 2019 11:00:25
14 Aug 2019 11:00:25
14 Aug 2019 11:02:09
14 Aug 2019 11:02:10
14 Aug 2019 11:02:11
14 Aug 2019 11:04:50
14 Aug 2019 11:04:54
14 Aug 2019 11:17:49
14 Aug 2019 11:17:49
14 Aug 2019 11:17:50
14 Aug 2019 11:32:44
14 Aug 2019 11:32:49
14 Aug 2019 11:32:51
14 Aug 2019 11:32:52
14 Aug 2019 11:33:32
14 Aug 2019 11:56:29
14 Aug 2019 11:57:06
14 Aug 2019 11:57:07
14 Aug 2019 11:57:08
14 Aug 2019 11:57:30
14 Aug 2019 11:57:30
14 Aug 2019 11:57:31
14 Aug 2019 11:57:31
14 Aug 2019 11:57:32
14 Aug 2019 11:57:33
14 Aug 2019 11:57:34
14 Aug 2019 11:57:34
14 Aug 2019 11:57:34
14 Aug 2019 11:57:34
14 Aug 2019 11:57:35
14 Aug 2019 11:57:35
14 Aug 2019 11:57:35
14 Aug 2019 11:59:33
14 Aug 2019 11:59:33
14 Aug 2019 11:59:33
14 Aug 2019 12:03:00
14 Aug 2019 12:03:01
14 Aug 2019 12:07:30
14 Aug 2019 12:07:30
14 Aug 2019 12:11:15
14 Aug 2019 12:11:16
14 Aug 2019 12:11:16
14 Aug 2019 12:11:16
14 Aug 2019 12:11:16
14 Aug 2019 12:11:16
14 Aug 2019 12:11:16
14 Aug 2019 12:11:16
14 Aug 2019 12:11:16
14 Aug 2019 12:11:16
14 Aug 2019 12:11:16
14 Aug 2019 12:11:16
14 Aug 2019 12:11:16
14 Aug 2019 12:11:16
14 Aug 2019 12:11:16
14 Aug 2019 12:11:17
14 Aug 2019 12:11:17
14 Aug 2019 12:11:17
14 Aug 2019 12:11:17
14 Aug 2019 12:11:17
14 Aug 2019 12:11:17
14 Aug 2019 12:11:17
14 Aug 2019 12:11:17
14 Aug 2019 12:11:17
14 Aug 2019 12:11:17
14 Aug 2019 12:11:17
14 Aug 2019 12:11:17
14 Aug 2019 12:11:17
14 Aug 2019 12:11:17
14 Aug 2019 12:11:17
14 Aug 2019 12:11:17
14 Aug 2019 12:11:17
14 Aug 2019 12:11:17
14 Aug 2019 12:11:17
14 Aug 2019 12:11:37
14 Aug 2019 12:11:37
14 Aug 2019 12:11:37
14 Aug 2019 12:12:14
14 Aug 2019 12:12:14
14 Aug 2019 12:12:22
14 Aug 2019 12:12:22
14 Aug 2019 12:12:22
14 Aug 2019 12:35:00
14 Aug 2019 12:35:35
14 Aug 2019 12:43:31
14 Aug 2019 12:43:32
14 Aug 2019 12:44:24
14 Aug 2019 12:44:24
14 Aug 2019 12:44:25
14 Aug 2019 12:47:42
14 Aug 2019 12:50:19
14 Aug 2019 12:56:23
14 Aug 2019 12:58:05
14 Aug 2019 12:58:09
14 Aug 2019 12:58:09
14 Aug 2019 12:58:37
14 Aug 2019 12:59:50
14 Aug 2019 12:59:52
14 Aug 2019 12:59:53
14 Aug 2019 13:07:13
14 Aug 2019 13:09:40
14 Aug 2019 13:09:41
14 Aug 2019 13:12:47
14 Aug 2019 13:13:11
14 Aug 2019 13:13:12
14 Aug 2019 13:13:12
14 Aug 2019 13:14:32
14 Aug 2019 13:14:34
14 Aug 2019 13:17:41
14 Aug 2019 13:17:41
14 Aug 2019 13:25:44
14 Aug 2019 13:25:45
14 Aug 2019 13:25:47
14 Aug 2019 13:26:06
14 Aug 2019 13:28:25
14 Aug 2019 13:28:25
14 Aug 2019 13:36:55
14 Aug 2019 13:41:42
14 Aug 2019 13:42:30
14 Aug 2019 13:43:59
14 Aug 2019 13:44:05
14 Aug 2019 13:44:11
14 Aug 2019 13:45:16
14 Aug 2019 13:45:17
14 Aug 2019 13:46:35
14 Aug 2019 13:47:51
14 Aug 2019 13:49:02
14 Aug 2019 13:49:02
14 Aug 2019 13:49:02
14 Aug 2019 13:49:02
14 Aug 2019 13:49:02
14 Aug 2019 13:49:02
14 Aug 2019 13:49:02
14 Aug 2019 13:49:02
14 Aug 2019 13:49:02
14 Aug 2019 13:49:03
14 Aug 2019 13:49:03
14 Aug 2019 13:49:03
14 Aug 2019 13:49:03
14 Aug 2019 13:49:03
14 Aug 2019 13:49:03
14 Aug 2019 13:49:03
14 Aug 2019 13:57:30
14 Aug 2019 13:57:30
14 Aug 2019 13:57:31
14 Aug 2019 13:57:32
14 Aug 2019 13:58:43
14 Aug 2019 14:11:10
14 Aug 2019 14:11:13
14 Aug 2019 14:11:48
14 Aug 2019 14:11:48
14 Aug 2019 14:11:49
14 Aug 2019 14:18:48
14 Aug 2019 14:19:00
14 Aug 2019 14:19:01
14 Aug 2019 14:21:14
14 Aug 2019 14:21:15
14 Aug 2019 14:21:15
14 Aug 2019 14:35:25
14 Aug 2019 14:35:26
14 Aug 2019 14:35:27
14 Aug 2019 14:46:58
14 Aug 2019 14:46:59
14 Aug 2019 14:46:59
14 Aug 2019 14:50:19
14 Aug 2019 14:50:46
14 Aug 2019 14:52:27
14 Aug 2019 14:54:00
14 Aug 2019 14:56:48
14 Aug 2019 15:01:27
14 Aug 2019 15:01:27
14 Aug 2019 15:01:28
14 Aug 2019 15:01:29
14 Aug 2019 15:02:49
14 Aug 2019 15:02:50
14 Aug 2019 15:15:17
14 Aug 2019 15:15:18
14 Aug 2019 15:15:19
14 Aug 2019 15:17:30
14 Aug 2019 15:23:56
14 Aug 2019 15:23:56
14 Aug 2019 15:24:58
14 Aug 2019 15:24:58
14 Aug 2019 15:28:54
14 Aug 2019 15:28:55
14 Aug 2019 15:28:56
14 Aug 2019 15:43:52
14 Aug 2019 15:43:56
14 Aug 2019 15:44:23
14 Aug 2019 15:44:25
14 Aug 2019 15:44:26
14 Aug 2019 15:44:41
14 Aug 2019 15:52:52
14 Aug 2019 15:57:40
14 Aug 2019 15:57:40
14 Aug 2019 15:57:41
14 Aug 2019 15:57:42
14 Aug 2019 16:06:36
14 Aug 2019 16:06:37
14 Aug 2019 16:11:06
14 Aug 2019 16:11:06
14 Aug 2019 16:11:07
14 Aug 2019 16:18:16
14 Aug 2019 16:24:07
14 Aug 2019 16:28:19
14 Aug 2019 16:28:20
14 Aug 2019 16:28:22
14 Aug 2019 16:30:17
14 Aug 2019 16:31:23
14 Aug 2019 16:31:24
14 Aug 2019 16:35:50
14 Aug 2019 16:47:13
14 Aug 2019 16:47:13
14 Aug 2019 16:51:52
14 Aug 2019 16:53:55
14 Aug 2019 16:54:25
14 Aug 2019 16:54:25
14 Aug 2019 16:54:38
14 Aug 2019 16:55:12
14 Aug 2019 17:14:25
14 Aug 2019 17:14:25
14 Aug 2019 17:14:25
14 Aug 2019 17:14:27
14 Aug 2019 17:14:27
14 Aug 2019 17:19:49
14 Aug 2019 17:23:47
14 Aug 2019 17:23:48
14 Aug 2019 17:28:00
14 Aug 2019 17:28:01
14 Aug 2019 17:28:02
14 Aug 2019 17:30:53
14 Aug 2019 17:31:04
14 Aug 2019 17:31:17
14 Aug 2019 17:31:30
14 Aug 2019 17:31:35
14 Aug 2019 17:31:39
14 Aug 2019 17:31:49
14 Aug 2019 17:32:00
14 Aug 2019 17:32:12
14 Aug 2019 17:32:25
14 Aug 2019 17:32:46
14 Aug 2019 17:32:59
14 Aug 2019 17:33:11
14 Aug 2019 17:33:23
14 Aug 2019 17:33:34
14 Aug 2019 17:33:46
14 Aug 2019 17:33:54
14 Aug 2019 17:34:07
14 Aug 2019 17:34:19
14 Aug 2019 17:34:29
14 Aug 2019 17:34:36
14 Aug 2019 17:34:54
14 Aug 2019 17:35:09
14 Aug 2019 17:38:12
14 Aug 2019 17:38:12
14 Aug 2019 17:40:37
14 Aug 2019 17:44:17
14 Aug 2019 17:44:17
14 Aug 2019 17:44:18
14 Aug 2019 17:52:20
14 Aug 2019 17:55:02
14 Aug 2019 18:00:22
14 Aug 2019 18:00:22
14 Aug 2019 18:00:24
14 Aug 2019 18:00:26
14 Aug 2019 18:01:38
14 Aug 2019 18:01:39
14 Aug 2019 18:10:07
14 Aug 2019 18:14:16
14 Aug 2019 18:14:17
14 Aug 2019 18:14:17
14 Aug 2019 18:14:17
14 Aug 2019 18:14:17
14 Aug 2019 18:14:17
14 Aug 2019 18:14:17
14 Aug 2019 18:14:17
14 Aug 2019 18:14:17
14 Aug 2019 18:14:18
14 Aug 2019 18:14:18
14 Aug 2019 18:14:18
14 Aug 2019 18:14:18
14 Aug 2019 18:14:18
14 Aug 2019 18:14:18
14 Aug 2019 18:14:18
14 Aug 2019 18:14:18
14 Aug 2019 18:14:18
14 Aug 2019 18:14:18
14 Aug 2019 18:14:18
14 Aug 2019 18:14:18
14 Aug 2019 18:14:18
14 Aug 2019 18:14:18
14 Aug 2019 18:14:18
14 Aug 2019 18:14:18
14 Aug 2019 18:14:18
14 Aug 2019 18:14:18
14 Aug 2019 18:14:18
14 Aug 2019 18:14:18
14 Aug 2019 18:14:18
14 Aug 2019 18:14:18
14 Aug 2019 18:14:18
14 Aug 2019 18:14:18
14 Aug 2019 18:14:18
14 Aug 2019 18:14:18
14 Aug 2019 18:14:28
14 Aug 2019 18:14:28
14 Aug 2019 18:14:28
14 Aug 2019 18:16:06
14 Aug 2019 18:16:57
14 Aug 2019 18:16:59
14 Aug 2019 18:17:01
14 Aug 2019 18:26:29
14 Aug 2019 18:29:37
14 Aug 2019 18:29:41
14 Aug 2019 18:29:54
14 Aug 2019 18:30:12
14 Aug 2019 18:30:12
14 Aug 2019 18:32:32
14 Aug 2019 18:32:33
14 Aug 2019 18:32:35
14 Aug 2019 18:36:26
14 Aug 2019 18:44:20
14 Aug 2019 18:44:20
14 Aug 2019 18:47:19
14 Aug 2019 18:48:02
14 Aug 2019 18:48:02
14 Aug 2019 18:48:03
14 Aug 2019 18:58:47
14 Aug 2019 19:02:51
14 Aug 2019 19:16:50
14 Aug 2019 19:21:17
14 Aug 2019 19:21:17
14 Aug 2019 19:21:18
14 Aug 2019 19:21:18
14 Aug 2019 19:23:14
14 Aug 2019 19:23:14
14 Aug 2019 19:23:14
14 Aug 2019 19:23:15
14 Aug 2019 19:23:15
14 Aug 2019 19:23:15
14 Aug 2019 19:23:18
14 Aug 2019 19:23:18
14 Aug 2019 19:23:18
14 Aug 2019 19:23:18
14 Aug 2019 19:23:22
14 Aug 2019 19:23:22
14 Aug 2019 19:23:49
14 Aug 2019 19:23:49
14 Aug 2019 19:26:40
14 Aug 2019 19:26:41
14 Aug 2019 19:29:23
14 Aug 2019 19:33:24
14 Aug 2019 19:38:36
14 Aug 2019 19:38:38
14 Aug 2019 19:38:40
14 Aug 2019 19:47:21
14 Aug 2019 19:58:44
14 Aug 2019 19:59:30
14 Aug 2019 19:59:30
14 Aug 2019 19:59:40
14 Aug 2019 19:59:53
14 Aug 2019 20:00:14
14 Aug 2019 20:03:43
14 Aug 2019 20:25:44
14 Aug 2019 20:25:44
14 Aug 2019 20:25:46
14 Aug 2019 20:25:48
14 Aug 2019 20:33:15
14 Aug 2019 20:33:15
14 Aug 2019 20:38:34
14 Aug 2019 20:38:35
14 Aug 2019 20:38:37
14 Aug 2019 20:40:19
14 Aug 2019 20:42:50
14 Aug 2019 20:46:42
14 Aug 2019 20:46:45
14 Aug 2019 20:49:48
14 Aug 2019 20:49:49
14 Aug 2019 20:49:49
14 Aug 2019 20:52:43
14 Aug 2019 20:52:43
14 Aug 2019 20:52:44
14 Aug 2019 20:56:37
14 Aug 2019 20:59:06
14 Aug 2019 20:59:06
14 Aug 2019 20:59:08
14 Aug 2019 20:59:08
14 Aug 2019 20:59:09
14 Aug 2019 20:59:10
14 Aug 2019 20:59:12
14 Aug 2019 20:59:15
14 Aug 2019 20:59:17
14 Aug 2019 20:59:18
14 Aug 2019 20:59:21
14 Aug 2019 20:59:25
14 Aug 2019 20:59:26
14 Aug 2019 20:59:29
14 Aug 2019 20:59:30
14 Aug 2019 20:59:32
14 Aug 2019 20:59:33
14 Aug 2019 20:59:37
14 Aug 2019 20:59:40
14 Aug 2019 20:59:42
14 Aug 2019 20:59:43
14 Aug 2019 21:00:01
14 Aug 2019 21:04:07
14 Aug 2019 21:04:11
14 Aug 2019 21:23:19
14 Aug 2019 21:23:19
14 Aug 2019 21:23:20
14 Aug 2019 21:25:54
14 Aug 2019 21:25:55
14 Aug 2019 21:36:19
14 Aug 2019 21:36:20
14 Aug 2019 21:39:35
14 Aug 2019 21:39:35
14 Aug 2019 21:39:35
14 Aug 2019 21:47:43
14 Aug 2019 21:50:58
14 Aug 2019 21:55:48
14 Aug 2019 21:55:54
14 Aug 2019 21:55:56
14 Aug 2019 21:57:44
14 Aug 2019 21:57:44
14 Aug 2019 22:04:04
14 Aug 2019 22:05:00
14 Aug 2019 22:11:33
14 Aug 2019 22:11:34
14 Aug 2019 22:11:35
14 Aug 2019 22:15:47
14 Aug 2019 22:15:48
14 Aug 2019 22:17:21
14 Aug 2019 22:18:00
14 Aug 2019 22:18:00
14 Aug 2019 22:19:10
14 Aug 2019 22:27:04
14 Aug 2019 22:27:05
14 Aug 2019 22:27:08
14 Aug 2019 22:43:16
14 Aug 2019 22:43:17
14 Aug 2019 22:43:17
14 Aug 2019 22:53:28
14 Aug 2019 22:56:43
14 Aug 2019 23:15:46
14 Aug 2019 23:15:46
14 Aug 2019 23:15:47
14 Aug 2019 23:15:48
14 Aug 2019 23:22:13
14 Aug 2019 23:23:59
14 Aug 2019 23:24:00
14 Aug 2019 23:24:00
14 Aug 2019 23:24:32
14 Aug 2019 23:24:32
14 Aug 2019 23:31:56
14 Aug 2019 23:31:58
14 Aug 2019 23:31:58
14 Aug 2019 23:31:58
14 Aug 2019 23:38:25
14 Aug 2019 23:38:25
14 Aug 2019 23:44:04
14 Aug 2019 23:44:18
14 Aug 2019 23:50:24
14 Aug 2019 23:50:26
14 Aug 2019 23:50:27
15 Aug 2019 00:00:37
15 Aug 2019 00:01:54
15 Aug 2019 00:01:55
15 Aug 2019 00:01:55
15 Aug 2019 00:09:20
15 Aug 2019 00:22:23
15 Aug 2019 00:22:24
15 Aug 2019 00:22:24
15 Aug 2019 00:24:38
15 Aug 2019 00:24:38
15 Aug 2019 00:25:46

14 Aug 2019 04:12:10
14 Aug 2019 04:38:35
14 Aug 2019 04:38:36
14 Aug 2019 04:38:37
14 Aug 2019 04:57:08
14 Aug 2019 05:02:20
14 Aug 2019 05:04:20
14 Aug 2019 05:04:48
14 Aug 2019 05:05:39
14 Aug 2019 05:05:51
14 Aug 2019 05:05:51
14 Aug 2019 05:07:38
14 Aug 2019 05:07:39
14 Aug 2019 05:10:07
14 Aug 2019 05:17:39
14 Aug 2019 05:17:43
14 Aug 2019 05:17:44
14 Aug 2019 05:22:09
14 Aug 2019 05:22:10
14 Aug 2019 05:33:32
14 Aug 2019 05:33:34
14 Aug 2019 05:33:35
14 Aug 2019 05:39:19
14 Aug 2019 05:39:42
14 Aug 2019 05:39:43
14 Aug 2019 05:52:39
14 Aug 2019 05:55:41
14 Aug 2019 05:57:40
14 Aug 2019 05:57:40
14 Aug 2019 06:02:50
14 Aug 2019 06:07:07
14 Aug 2019 06:07:59
14 Aug 2019 06:13:53
14 Aug 2019 06:15:34
14 Aug 2019 06:28:13
14 Aug 2019 06:28:13
14 Aug 2019 06:28:13
14 Aug 2019 06:35:37
14 Aug 2019 06:35:38
14 Aug 2019 06:41:48
14 Aug 2019 06:41:49
14 Aug 2019 06:45:20
14 Aug 2019 06:46:41
14 Aug 2019 06:56:57
14 Aug 2019 06:56:58
14 Aug 2019 06:57:00
14 Aug 2019 06:57:01
14 Aug 2019 06:57:02
14 Aug 2019 07:07:18
14 Aug 2019 07:07:19
14 Aug 2019 07:07:20
14 Aug 2019 07:07:20
14 Aug 2019 07:07:21
14 Aug 2019 07:07:55
14 Aug 2019 07:07:57
14 Aug 2019 07:07:57
14 Aug 2019 07:09:43
14 Aug 2019 07:13:11
14 Aug 2019 07:13:14
14 Aug 2019 07:24:23
14 Aug 2019 07:24:23
14 Aug 2019 07:24:24
14 Aug 2019 07:45:28
14 Aug 2019 07:45:29
14 Aug 2019 07:49:27
14 Aug 2019 07:49:30
14 Aug 2019 07:54:05
14 Aug 2019 07:54:09
14 Aug 2019 07:54:37
14 Aug 2019 07:57:08
14 Aug 2019 07:57:09
14 Aug 2019 07:57:09
14 Aug 2019 08:10:56
14 Aug 2019 08:21:48
14 Aug 2019 08:23:40
14 Aug 2019 08:23:40
14 Aug 2019 08:23:41
14 Aug 2019 08:26:34
14 Aug 2019 08:26:35
14 Aug 2019 08:30:17
14 Aug 2019 08:39:44
14 Aug 2019 08:40:24
14 Aug 2019 08:42:49
14 Aug 2019 08:42:50
14 Aug 2019 08:43:41
14 Aug 2019 08:44:52
14 Aug 2019 08:44:55
14 Aug 2019 08:44:55
14 Aug 2019 08:44:58
14 Aug 2019 08:45:35
14 Aug 2019 08:45:36
14 Aug 2019 08:45:39
14 Aug 2019 09:06:27
14 Aug 2019 09:06:27
14 Aug 2019 09:06:32
14 Aug 2019 09:06:33
14 Aug 2019 09:08:30
14 Aug 2019 09:08:31
14 Aug 2019 09:08:33
14 Aug 2019 09:10:21
14 Aug 2019 09:17:15
14 Aug 2019 09:17:15
14 Aug 2019 09:17:15
14 Aug 2019 09:17:15
14 Aug 2019 09:17:15
14 Aug 2019 09:17:15
14 Aug 2019 09:17:15
14 Aug 2019 09:17:15
14 Aug 2019 09:17:15
14 Aug 2019 09:17:15
14 Aug 2019 09:17:15
14 Aug 2019 09:17:15
14 Aug 2019 09:17:15
14 Aug 2019 09:17:15
14 Aug 2019 09:17:16
14 Aug 2019 09:17:16
14 Aug 2019 09:17:16
14 Aug 2019 09:17:16
14 Aug 2019 09:17:16
14 Aug 2019 09:17:16
14 Aug 2019 09:17:16
14 Aug 2019 09:17:16
14 Aug 2019 09:17:16
14 Aug 2019 09:17:16
14 Aug 2019 09:17:16
14 Aug 2019 09:17:16
14 Aug 2019 09:17:16
14 Aug 2019 09:17:16
14 Aug 2019 09:17:16
14 Aug 2019 09:17:16
14 Aug 2019 09:17:16
14 Aug 2019 09:17:16
14 Aug 2019 09:17:16
14 Aug 2019 09:17:47
14 Aug 2019 09:21:46
14 Aug 2019 09:31:46
14 Aug 2019 09:31:47
14 Aug 2019 09:31:47
14 Aug 2019 09:31:48
14 Aug 2019 09:31:48
14 Aug 2019 09:31:49
14 Aug 2019 09:31:50
14 Aug 2019 09:31:50
14 Aug 2019 09:31:50
14 Aug 2019 09:31:50
14 Aug 2019 09:31:51
14 Aug 2019 09:31:52
14 Aug 2019 09:48:27
14 Aug 2019 09:48:28
14 Aug 2019 09:48:30
14 Aug 2019 09:50:14
14 Aug 2019 09:50:15
14 Aug 2019 09:50:27
14 Aug 2019 09:50:28
14 Aug 2019 10:15:47
14 Aug 2019 10:17:37
14 Aug 2019 10:17:37
14 Aug 2019 10:17:38
14 Aug 2019 10:17:43
14 Aug 2019 10:19:24
14 Aug 2019 10:19:25
14 Aug 2019 10:19:25
14 Aug 2019 10:19:26
14 Aug 2019 10:19:27
14 Aug 2019 10:19:28
14 Aug 2019 10:19:28
14 Aug 2019 10:19:29
14 Aug 2019 10:21:00
14 Aug 2019 10:21:00
14 Aug 2019 10:21:00
14 Aug 2019 10:21:00
14 Aug 2019 10:21:00
14 Aug 2019 10:21:00
14 Aug 2019 10:21:00
14 Aug 2019 10:21:00
14 Aug 2019 10:21:00
14 Aug 2019 10:21:00
14 Aug 2019 10:21:00
14 Aug 2019 10:21:00
14 Aug 2019 10:21:00
14 Aug 2019 10:21:00
14 Aug 2019 10:21:00
14 Aug 2019 10:21:01
14 Aug 2019 10:21:01
14 Aug 2019 10:23:21
14 Aug 2019 10:27:26
14 Aug 2019 10:27:30
14 Aug 2019 10:27:34
14 Aug 2019 10:30:56
14 Aug 2019 10:30:58
14 Aug 2019 10:30:59
14 Aug 2019 10:32:05
14 Aug 2019 10:32:07
14 Aug 2019 10:47:38
14 Aug 2019 10:47:40
14 Aug 2019 10:47:41
14 Aug 2019 11:00:23
14 Aug 2019 11:00:25
14 Aug 2019 11:00:25
14 Aug 2019 11:02:09
14 Aug 2019 11:02:10
14 Aug 2019 11:02:11
14 Aug 2019 11:04:50
14 Aug 2019 11:04:54
14 Aug 2019 11:17:49
14 Aug 2019 11:17:49
14 Aug 2019 11:17:50
14 Aug 2019 11:32:44
14 Aug 2019 11:32:49
14 Aug 2019 11:32:51
14 Aug 2019 11:32:52
14 Aug 2019 11:33:32
14 Aug 2019 11:56:29
14 Aug 2019 11:57:06
14 Aug 2019 11:57:07
14 Aug 2019 11:57:08
14 Aug 2019 11:57:30
14 Aug 2019 11:57:30
14 Aug 2019 11:57:31
14 Aug 2019 11:57:31
14 Aug 2019 11:57:32
14 Aug 2019 11:57:33
14 Aug 2019 11:57:34
14 Aug 2019 11:57:34
14 Aug 2019 11:57:34
14 Aug 2019 11:57:34
14 Aug 2019 11:57:35
14 Aug 2019 11:57:35
14 Aug 2019 11:57:35
14 Aug 2019 11:59:33
14 Aug 2019 11:59:33
14 Aug 2019 11:59:33
14 Aug 2019 12:03:00
14 Aug 2019 12:03:01
14 Aug 2019 12:07:30
14 Aug 2019 12:07:30
14 Aug 2019 12:11:15
14 Aug 2019 12:11:16
14 Aug 2019 12:11:16
14 Aug 2019 12:11:16
14 Aug 2019 12:11:16
14 Aug 2019 12:11:16
14 Aug 2019 12:11:16
14 Aug 2019 12:11:16
14 Aug 2019 12:11:16
14 Aug 2019 12:11:16
14 Aug 2019 12:11:16
14 Aug 2019 12:11:16
14 Aug 2019 12:11:16
14 Aug 2019 12:11:16
14 Aug 2019 12:11:16
14 Aug 2019 12:11:17
14 Aug 2019 12:11:17
14 Aug 2019 12:11:17
14 Aug 2019 12:11:17
14 Aug 2019 12:11:17
14 Aug 2019 12:11:17
14 Aug 2019 12:11:17
14 Aug 2019 12:11:17
14 Aug 2019 12:11:17
14 Aug 2019 12:11:17
14 Aug 2019 12:11:17
14 Aug 2019 12:11:17
14 Aug 2019 12:11:17
14 Aug 2019 12:11:17
14 Aug 2019 12:11:17
14 Aug 2019 12:11:17
14 Aug 2019 12:11:17
14 Aug 2019 12:11:17
14 Aug 2019 12:11:17
14 Aug 2019 12:11:37
14 Aug 2019 12:11:37
14 Aug 2019 12:11:37
14 Aug 2019 12:12:14
14 Aug 2019 12:12:14
14 Aug 2019 12:12:22
14 Aug 2019 12:12:22
14 Aug 2019 12:12:22
14 Aug 2019 12:35:00
14 Aug 2019 12:35:35
14 Aug 2019 12:43:31
14 Aug 2019 12:43:32
14 Aug 2019 12:44:24
14 Aug 2019 12:44:24
14 Aug 2019 12:44:25
14 Aug 2019 12:47:42
14 Aug 2019 12:50:19
14 Aug 2019 12:56:23
14 Aug 2019 12:58:05
14 Aug 2019 12:58:09
14 Aug 2019 12:58:09
14 Aug 2019 12:58:37
14 Aug 2019 12:59:50
14 Aug 2019 12:59:52
14 Aug 2019 12:59:53
14 Aug 2019 13:07:13
14 Aug 2019 13:09:40
14 Aug 2019 13:09:41
14 Aug 2019 13:12:47
14 Aug 2019 13:13:11
14 Aug 2019 13:13:12
14 Aug 2019 13:13:12
14 Aug 2019 13:14:32
14 Aug 2019 13:14:34
14 Aug 2019 13:17:41
14 Aug 2019 13:17:41
14 Aug 2019 13:25:44
14 Aug 2019 13:25:45
14 Aug 2019 13:25:47
14 Aug 2019 13:26:06
14 Aug 2019 13:28:25
14 Aug 2019 13:28:25
14 Aug 2019 13:36:55
14 Aug 2019 13:41:42
14 Aug 2019 13:42:30
14 Aug 2019 13:43:59
14 Aug 2019 13:44:05
14 Aug 2019 13:44:11
14 Aug 2019 13:45:16
14 Aug 2019 13:45:17
14 Aug 2019 13:46:35
14 Aug 2019 13:47:51
14 Aug 2019 13:49:02
14 Aug 2019 13:49:02
14 Aug 2019 13:49:02
14 Aug 2019 13:49:02
14 Aug 2019 13:49:02
14 Aug 2019 13:49:02
14 Aug 2019 13:49:02
14 Aug 2019 13:49:02
14 Aug 2019 13:49:02
14 Aug 2019 13:49:03
14 Aug 2019 13:49:03
14 Aug 2019 13:49:03
14 Aug 2019 13:49:03
14 Aug 2019 13:49:03
14 Aug 2019 13:49:03
14 Aug 2019 13:49:03
14 Aug 2019 13:57:30
14 Aug 2019 13:57:30
14 Aug 2019 13:57:31
14 Aug 2019 13:57:32
14 Aug 2019 13:58:43
14 Aug 2019 14:11:10
14 Aug 2019 14:11:13
14 Aug 2019 14:11:48
14 Aug 2019 14:11:48
14 Aug 2019 14:11:49
14 Aug 2019 14:18:48
14 Aug 2019 14:19:00
14 Aug 2019 14:19:01
14 Aug 2019 14:21:14
14 Aug 2019 14:21:15
14 Aug 2019 14:21:15
14 Aug 2019 14:35:25
14 Aug 2019 14:35:26
14 Aug 2019 14:35:27
14 Aug 2019 14:46:58
14 Aug 2019 14:46:59
14 Aug 2019 14:46:59
14 Aug 2019 14:50:19
14 Aug 2019 14:50:46
14 Aug 2019 14:52:27
14 Aug 2019 14:54:00
14 Aug 2019 14:56:48
14 Aug 2019 15:01:27
14 Aug 2019 15:01:27
14 Aug 2019 15:01:28
14 Aug 2019 15:01:29
14 Aug 2019 15:02:49
14 Aug 2019 15:02:50
14 Aug 2019 15:15:17
14 Aug 2019 15:15:18
14 Aug 2019 15:15:19
14 Aug 2019 15:17:30
14 Aug 2019 15:23:56
14 Aug 2019 15:23:56
14 Aug 2019 15:24:58
14 Aug 2019 15:24:58
14 Aug 2019 15:28:54
14 Aug 2019 15:28:55
14 Aug 2019 15:28:56
14 Aug 2019 15:43:52
14 Aug 2019 15:43:56
14 Aug 2019 15:44:23
14 Aug 2019 15:44:25
14 Aug 2019 15:44:26
14 Aug 2019 15:44:41
14 Aug 2019 15:52:52
14 Aug 2019 15:57:40
14 Aug 2019 15:57:40
14 Aug 2019 15:57:41
14 Aug 2019 15:57:42
14 Aug 2019 16:06:36
14 Aug 2019 16:06:37
14 Aug 2019 16:11:06
14 Aug 2019 16:11:06
14 Aug 2019 16:11:07
14 Aug 2019 16:18:16
14 Aug 2019 16:24:07
14 Aug 2019 16:28:19
14 Aug 2019 16:28:20
14 Aug 2019 16:28:22
14 Aug 2019 16:30:17
14 Aug 2019 16:31:23
14 Aug 2019 16:31:24
14 Aug 2019 16:35:50
14 Aug 2019 16:47:13
14 Aug 2019 16:47:13
14 Aug 2019 16:51:52
14 Aug 2019 16:53:55
14 Aug 2019 16:54:25
14 Aug 2019 16:54:25
14 Aug 2019 16:54:38
14 Aug 2019 16:55:12
14 Aug 2019 17:14:25
14 Aug 2019 17:14:25
14 Aug 2019 17:14:25
14 Aug 2019 17:14:27
14 Aug 2019 17:14:27
14 Aug 2019 17:19:49
14 Aug 2019 17:23:47
14 Aug 2019 17:23:48
14 Aug 2019 17:28:00
14 Aug 2019 17:28:01
14 Aug 2019 17:28:02
14 Aug 2019 17:30:53
14 Aug 2019 17:31:04
14 Aug 2019 17:31:17
14 Aug 2019 17:31:30
14 Aug 2019 17:31:35
14 Aug 2019 17:31:39
14 Aug 2019 17:31:49
14 Aug 2019 17:32:00
14 Aug 2019 17:32:12
14 Aug 2019 17:32:25
14 Aug 2019 17:32:46
14 Aug 2019 17:32:59
14 Aug 2019 17:33:11
14 Aug 2019 17:33:23
14 Aug 2019 17:33:34
14 Aug 2019 17:33:46
14 Aug 2019 17:33:54
14 Aug 2019 17:34:07
14 Aug 2019 17:34:19
14 Aug 2019 17:34:29
14 Aug 2019 17:34:36
14 Aug 2019 17:34:54
14 Aug 2019 17:35:09
14 Aug 2019 17:38:12
14 Aug 2019 17:38:12
14 Aug 2019 17:40:37
14 Aug 2019 17:44:17
14 Aug 2019 17:44:17
14 Aug 2019 17:44:18
14 Aug 2019 17:52:20
14 Aug 2019 17:55:02
14 Aug 2019 18:00:22
14 Aug 2019 18:00:22
14 Aug 2019 18:00:24
14 Aug 2019 18:00:26
14 Aug 2019 18:01:38
14 Aug 2019 18:01:39
14 Aug 2019 18:10:07
14 Aug 2019 18:14:16
14 Aug 2019 18:14:17
14 Aug 2019 18:14:17
14 Aug 2019 18:14:17
14 Aug 2019 18:14:17
14 Aug 2019 18:14:17
14 Aug 2019 18:14:17
14 Aug 2019 18:14:17
14 Aug 2019 18:14:17
14 Aug 2019 18:14:18
14 Aug 2019 18:14:18
14 Aug 2019 18:14:18
14 Aug 2019 18:14:18
14 Aug 2019 18:14:18
14 Aug 2019 18:14:18
14 Aug 2019 18:14:18
14 Aug 2019 18:14:18
14 Aug 2019 18:14:18
14 Aug 2019 18:14:18
14 Aug 2019 18:14:18
14 Aug 2019 18:14:18
14 Aug 2019 18:14:18
14 Aug 2019 18:14:18
14 Aug 2019 18:14:18
14 Aug 2019 18:14:18
14 Aug 2019 18:14:18
14 Aug 2019 18:14:18
14 Aug 2019 18:14:18
14 Aug 2019 18:14:18
14 Aug 2019 18:14:18
14 Aug 2019 18:14:18
14 Aug 2019 18:14:18
14 Aug 2019 18:14:18
14 Aug 2019 18:14:18
14 Aug 2019 18:14:18
14 Aug 2019 18:14:28
14 Aug 2019 18:14:28
14 Aug 2019 18:14:28
14 Aug 2019 18:16:06
14 Aug 2019 18:16:57
14 Aug 2019 18:16:59
14 Aug 2019 18:17:01
14 Aug 2019 18:26:29
14 Aug 2019 18:29:37
14 Aug 2019 18:29:41
14 Aug 2019 18:29:54
14 Aug 2019 18:30:12
14 Aug 2019 18:30:12
14 Aug 2019 18:32:32
14 Aug 2019 18:32:33
14 Aug 2019 18:32:35
14 Aug 2019 18:36:26
14 Aug 2019 18:44:20
14 Aug 2019 18:44:20
14 Aug 2019 18:47:19
14 Aug 2019 18:48:02
14 Aug 2019 18:48:02
14 Aug 2019 18:48:03
14 Aug 2019 18:58:47
14 Aug 2019 19:02:51
14 Aug 2019 19:16:50
14 Aug 2019 19:21:17
14 Aug 2019 19:21:17
14 Aug 2019 19:21:18
14 Aug 2019 19:21:18
14 Aug 2019 19:23:14
14 Aug 2019 19:23:14
14 Aug 2019 19:23:14
14 Aug 2019 19:23:15
14 Aug 2019 19:23:15
14 Aug 2019 19:23:15
14 Aug 2019 19:23:18
14 Aug 2019 19:23:18
14 Aug 2019 19:23:18
14 Aug 2019 19:23:18
14 Aug 2019 19:23:22
14 Aug 2019 19:23:22
14 Aug 2019 19:23:49
14 Aug 2019 19:23:49
14 Aug 2019 19:26:40
14 Aug 2019 19:26:41
14 Aug 2019 19:29:23
14 Aug 2019 19:33:24
14 Aug 2019 19:38:36
14 Aug 2019 19:38:38
14 Aug 2019 19:38:40
14 Aug 2019 19:47:21
14 Aug 2019 19:58:44
14 Aug 2019 19:59:30
14 Aug 2019 19:59:30
14 Aug 2019 19:59:40
14 Aug 2019 19:59:53
14 Aug 2019 20:00:14
14 Aug 2019 20:03:43
14 Aug 2019 20:25:44
14 Aug 2019 20:25:44
14 Aug 2019 20:25:46
14 Aug 2019 20:25:48
14 Aug 2019 20:33:15
14 Aug 2019 20:33:15
14 Aug 2019 20:38:34
14 Aug 2019 20:38:35
14 Aug 2019 20:38:37
14 Aug 2019 20:40:19
14 Aug 2019 20:42:50
14 Aug 2019 20:46:42
14 Aug 2019 20:46:45
14 Aug 2019 20:49:48
14 Aug 2019 20:49:49
14 Aug 2019 20:49:49
14 Aug 2019 20:52:43
14 Aug 2019 20:52:43
14 Aug 2019 20:52:44
14 Aug 2019 20:56:37
14 Aug 2019 20:59:06
14 Aug 2019 20:59:06
14 Aug 2019 20:59:08
14 Aug 2019 20:59:08
14 Aug 2019 20:59:09
14 Aug 2019 20:59:10
14 Aug 2019 20:59:12
14 Aug 2019 20:59:15
14 Aug 2019 20:59:17
14 Aug 2019 20:59:18
14 Aug 2019 20:59:21
14 Aug 2019 20:59:25
14 Aug 2019 20:59:26
14 Aug 2019 20:59:29
14 Aug 2019 20:59:30
14 Aug 2019 20:59:32
14 Aug 2019 20:59:33
14 Aug 2019 20:59:37
14 Aug 2019 20:59:40
14 Aug 2019 20:59:42
14 Aug 2019 20:59:43
14 Aug 2019 21:00:01
14 Aug 2019 21:04:07
14 Aug 2019 21:04:11
14 Aug 2019 21:23:19
14 Aug 2019 21:23:19
14 Aug 2019 21:23:20
14 Aug 2019 21:25:54
14 Aug 2019 21:25:55
14 Aug 2019 21:36:19
14 Aug 2019 21:36:20
14 Aug 2019 21:39:35
14 Aug 2019 21:39:35
14 Aug 2019 21:39:35
14 Aug 2019 21:47:43
14 Aug 2019 21:50:58
14 Aug 2019 21:55:48
14 Aug 2019 21:55:54
14 Aug 2019 21:55:56
14 Aug 2019 21:57:44
14 Aug 2019 21:57:44
14 Aug 2019 22:04:04
14 Aug 2019 22:05:00
14 Aug 2019 22:11:33
14 Aug 2019 22:11:34
14 Aug 2019 22:11:35
14 Aug 2019 22:15:47
14 Aug 2019 22:15:48
14 Aug 2019 22:17:21
14 Aug 2019 22:18:00
14 Aug 2019 22:18:00
14 Aug 2019 22:19:10
14 Aug 2019 22:27:04
14 Aug 2019 22:27:05
14 Aug 2019 22:27:08
14 Aug 2019 22:43:16
14 Aug 2019 22:43:17
14 Aug 2019 22:43:17
14 Aug 2019 22:53:28
14 Aug 2019 22:56:43
14 Aug 2019 23:15:46
14 Aug 2019 23:15:46
14 Aug 2019 23:15:47
14 Aug 2019 23:15:48
14 Aug 2019 23:22:13
14 Aug 2019 23:23:59
14 Aug 2019 23:24:00
14 Aug 2019 23:24:00
14 Aug 2019 23:24:32
14 Aug 2019 23:24:32
14 Aug 2019 23:31:56
14 Aug 2019 23:31:58
14 Aug 2019 23:31:58
14 Aug 2019 23:31:58
14 Aug 2019 23:38:25
14 Aug 2019 23:38:25
14 Aug 2019 23:44:04
14 Aug 2019 23:44:18
14 Aug 2019 23:50:24
14 Aug 2019 23:50:26
14 Aug 2019 23:50:27
15 Aug 2019 00:00:37
15 Aug 2019 00:01:54
15 Aug 2019 00:01:55
15 Aug 2019 00:01:55
15 Aug 2019 00:09:20
15 Aug 2019 00:22:23
15 Aug 2019 00:22:24
15 Aug 2019 00:22:24
15 Aug 2019 00:24:38
15 Aug 2019 00:24:38
15 Aug 2019 00:25:46

14 Aug 2019 04:12:10
14 Aug 2019 04:38:35
14 Aug 2019 04:38:36
14 Aug 2019 04:38:37
14 Aug 2019 04:57:08
14 Aug 2019 05:02:20
14 Aug 2019 05:04:20
14 Aug 2019 05:04:48
14 Aug 2019 05:05:39
14 Aug 2019 05:05:51
14 Aug 2019 05:05:51
14 Aug 2019 05:07:38
14 Aug 2019 05:07:39
14 Aug 2019 05:10:07
14 Aug 2019 05:17:39
14 Aug 2019 05:17:43
14 Aug 2019 05:17:44
14 Aug 2019 05:22:09
14 Aug 2019 05:22:10
14 Aug 2019 05:33:32
14 Aug 2019 05:33:34
14 Aug 2019 05:33:35
14 Aug 2019 05:39:19
14 Aug 2019 05:39:42
14 Aug 2019 05:39:43
14 Aug 2019 05:52:39
14 Aug 2019 05:55:41
14 Aug 2019 05:57:40
14 Aug 2019 05:57:40
14 Aug 2019 06:02:50
14 Aug 2019 06:07:07
14 Aug 2019 06:07:59
14 Aug 2019 06:13:53
14 Aug 2019 06:15:34
14 Aug 2019 06:28:13
14 Aug 2019 06:28:13
14 Aug 2019 06:28:13
14 Aug 2019 06:35:37
14 Aug 2019 06:35:38
14 Aug 2019 06:41:48
14 Aug 2019 06:41:49
14 Aug 2019 06:45:20
14 Aug 2019 06:46:41
14 Aug 2019 06:56:57
14 Aug 2019 06:56:58
14 Aug 2019 06:57:00
14 Aug 2019 06:57:01
14 Aug 2019 06:57:02
14 Aug 2019 07:07:18
14 Aug 2019 07:07:19
14 Aug 2019 07:07:20
14 Aug 2019 07:07:20
14 Aug 2019 07:07:21
14 Aug 2019 07:07:55
14 Aug 2019 07:07:57
14 Aug 2019 07:07:57
14 Aug 2019 07:09:43
14 Aug 2019 07:13:11
14 Aug 2019 07:13:14
14 Aug 2019 07:24:23
14 Aug 2019 07:24:23
14 Aug 2019 07:24:24
14 Aug 2019 07:45:28
14 Aug 2019 07:45:29
14 Aug 2019 07:49:27
14 Aug 2019 07:49:30
14 Aug 2019 07:54:05
14 Aug 2019 07:54:09
14 Aug 2019 07:54:37
14 Aug 2019 07:57:08
14 Aug 2019 07:57:09
14 Aug 2019 07:57:09
14 Aug 2019 08:10:56
14 Aug 2019 08:21:48
14 Aug 2019 08:23:40
14 Aug 2019 08:23:40
14 Aug 2019 08:23:41
14 Aug 2019 08:26:34
14 Aug 2019 08:26:35
14 Aug 2019 08:30:17
14 Aug 2019 08:39:44
14 Aug 2019 08:40:24
14 Aug 2019 08:42:49
14 Aug 2019 08:42:50
14 Aug 2019 08:43:41
14 Aug 2019 08:44:52
14 Aug 2019 08:44:55
14 Aug 2019 08:44:55
14 Aug 2019 08:44:58
14 Aug 2019 08:45:35
14 Aug 2019 08:45:36
14 Aug 2019 08:45:39
14 Aug 2019 09:06:27
14 Aug 2019 09:06:27
14 Aug 2019 09:06:32
14 Aug 2019 09:06:33
14 Aug 2019 09:08:30
14 Aug 2019 09:08:31
14 Aug 2019 09:08:33
14 Aug 2019 09:10:21
14 Aug 2019 09:17:15
14 Aug 2019 09:17:15
14 Aug 2019 09:17:15
14 Aug 2019 09:17:15
14 Aug 2019 09:17:15
14 Aug 2019 09:17:15
14 Aug 2019 09:17:15
14 Aug 2019 09:17:15
14 Aug 2019 09:17:15
14 Aug 2019 09:17:15
14 Aug 2019 09:17:15
14 Aug 2019 09:17:15
14 Aug 2019 09:17:15
14 Aug 2019 09:17:15
14 Aug 2019 09:17:16
14 Aug 2019 09:17:16
14 Aug 2019 09:17:16
14 Aug 2019 09:17:16
14 Aug 2019 09:17:16
14 Aug 2019 09:17:16
14 Aug 2019 09:17:16
14 Aug 2019 09:17:16
14 Aug 2019 09:17:16
14 Aug 2019 09:17:16
14 Aug 2019 09:17:16
14 Aug 2019 09:17:16
14 Aug 2019 09:17:16
14 Aug 2019 09:17:16
14 Aug 2019 09:17:16
14 Aug 2019 09:17:16
14 Aug 2019 09:17:16
14 Aug 2019 09:17:16
14 Aug 2019 09:17:16
14 Aug 2019 09:17:47
14 Aug 2019 09:21:46
14 Aug 2019 09:31:46
14 Aug 2019 09:31:47
14 Aug 2019 09:31:47
14 Aug 2019 09:31:48
14 Aug 2019 09:31:48
14 Aug 2019 09:31:49
14 Aug 2019 09:31:50
14 Aug 2019 09:31:50
14 Aug 2019 09:31:50
14 Aug 2019 09:31:50
14 Aug 2019 09:31:51
14 Aug 2019 09:31:52
14 Aug 2019 09:48:27
14 Aug 2019 09:48:28
14 Aug 2019 09:48:30
14 Aug 2019 09:50:14
14 Aug 2019 09:50:15
14 Aug 2019 09:50:27
14 Aug 2019 09:50:28
14 Aug 2019 10:15:47
14 Aug 2019 10:17:37
14 Aug 2019 10:17:37
14 Aug 2019 10:17:38
14 Aug 2019 10:17:43
14 Aug 2019 10:19:24
14 Aug 2019 10:19:25
14 Aug 2019 10:19:25
14 Aug 2019 10:19:26
14 Aug 2019 10:19:27
14 Aug 2019 10:19:28
14 Aug 2019 10:19:28
14 Aug 2019 10:19:29
14 Aug 2019 10:21:00
14 Aug 2019 10:21:00
14 Aug 2019 10:21:00
14 Aug 2019 10:21:00
14 Aug 2019 10:21:00
14 Aug 2019 10:21:00
14 Aug 2019 10:21:00
14 Aug 2019 10:21:00
14 Aug 2019 10:21:00
14 Aug 2019 10:21:00
14 Aug 2019 10:21:00
14 Aug 2019 10:21:00
14 Aug 2019 10:21:00
14 Aug 2019 10:21:00
14 Aug 2019 10:21:00
14 Aug 2019 10:21:01
14 Aug 2019 10:21:01
14 Aug 2019 10:23:21
14 Aug 2019 10:27:26
14 Aug 2019 10:27:30
14 Aug 2019 10:27:34
14 Aug 2019 10:30:56
14 Aug 2019 10:30:58
14 Aug 2019 10:30:59
14 Aug 2019 10:32:05
14 Aug 2019 10:32:07
14 Aug 2019 10:47:38
14 Aug 2019 10:47:40
14 Aug 2019 10:47:41
14 Aug 2019 11:00:23
14 Aug 2019 11:00:25
14 Aug 2019 11:00:25
14 Aug 2019 11:02:09
14 Aug 2019 11:02:10
14 Aug 2019 11:02:11
14 Aug 2019 11:04:50
14 Aug 2019 11:04:54
14 Aug 2019 11:17:49
14 Aug 2019 11:17:49
14 Aug 2019 11:17:50
14 Aug 2019 11:32:44
14 Aug 2019 11:32:49
14 Aug 2019 11:32:51
14 Aug 2019 11:32:52
14 Aug 2019 11:33:32
14 Aug 2019 11:56:29
14 Aug 2019 11:57:06
14 Aug 2019 11:57:07
14 Aug 2019 11:57:08
14 Aug 2019 11:57:30
14 Aug 2019 11:57:30
14 Aug 2019 11:57:31
14 Aug 2019 11:57:31
14 Aug 2019 11:57:32
14 Aug 2019 11:57:33
14 Aug 2019 11:57:34
14 Aug 2019 11:57:34
14 Aug 2019 11:57:34
14 Aug 2019 11:57:34
14 Aug 2019 11:57:35
14 Aug 2019 11:57:35
14 Aug 2019 11:57:35
14 Aug 2019 11:59:33
14 Aug 2019 11:59:33
14 Aug 2019 11:59:33
14 Aug 2019 12:03:00
14 Aug 2019 12:03:01
14 Aug 2019 12:07:30
14 Aug 2019 12:07:30
14 Aug 2019 12:11:15
14 Aug 2019 12:11:16
14 Aug 2019 12:11:16
14 Aug 2019 12:11:16
14 Aug 2019 12:11:16
14 Aug 2019 12:11:16
14 Aug 2019 12:11:16
14 Aug 2019 12:11:16
14 Aug 2019 12:11:16
14 Aug 2019 12:11:16
14 Aug 2019 12:11:16
14 Aug 2019 12:11:16
14 Aug 2019 12:11:16
14 Aug 2019 12:11:16
14 Aug 2019 12:11:16
14 Aug 2019 12:11:17
14 Aug 2019 12:11:17
14 Aug 2019 12:11:17
14 Aug 2019 12:11:17
14 Aug 2019 12:11:17
14 Aug 2019 12:11:17
14 Aug 2019 12:11:17
14 Aug 2019 12:11:17
14 Aug 2019 12:11:17
14 Aug 2019 12:11:17
14 Aug 2019 12:11:17
14 Aug 2019 12:11:17
14 Aug 2019 12:11:17
14 Aug 2019 12:11:17
14 Aug 2019 12:11:17
14 Aug 2019 12:11:17
14 Aug 2019 12:11:17
14 Aug 2019 12:11:17
14 Aug 2019 12:11:17
14 Aug 2019 12:11:37
14 Aug 2019 12:11:37
14 Aug 2019 12:11:37
14 Aug 2019 12:12:14
14 Aug 2019 12:12:14
14 Aug 2019 12:12:22
14 Aug 2019 12:12:22
14 Aug 2019 12:12:22
14 Aug 2019 12:35:00
14 Aug 2019 12:35:35
14 Aug 2019 12:43:31
14 Aug 2019 12:43:32
14 Aug 2019 12:44:24
14 Aug 2019 12:44:24
14 Aug 2019 12:44:25
14 Aug 2019 12:47:42
14 Aug 2019 12:50:19
14 Aug 2019 12:56:23
14 Aug 2019 12:58:05
14 Aug 2019 12:58:09
14 Aug 2019 12:58:09
14 Aug 2019 12:58:37
14 Aug 2019 12:59:50
14 Aug 2019 12:59:52
14 Aug 2019 12:59:53
14 Aug 2019 13:07:13
14 Aug 2019 13:09:40
14 Aug 2019 13:09:41
14 Aug 2019 13:12:47
14 Aug 2019 13:13:11
14 Aug 2019 13:13:12
14 Aug 2019 13:13:12
14 Aug 2019 13:14:32
14 Aug 2019 13:14:34
14 Aug 2019 13:17:41
14 Aug 2019 13:17:41
14 Aug 2019 13:25:44
14 Aug 2019 13:25:45
14 Aug 2019 13:25:47
14 Aug 2019 13:26:06
14 Aug 2019 13:28:25
14 Aug 2019 13:28:25
14 Aug 2019 13:36:55
14 Aug 2019 13:41:42
14 Aug 2019 13:42:30
14 Aug 2019 13:43:59
14 Aug 2019 13:44:05
14 Aug 2019 13:44:11
14 Aug 2019 13:45:16
14 Aug 2019 13:45:17
14 Aug 2019 13:46:35
14 Aug 2019 13:47:51
14 Aug 2019 13:49:02
14 Aug 2019 13:49:02
14 Aug 2019 13:49:02
14 Aug 2019 13:49:02
14 Aug 2019 13:49:02
14 Aug 2019 13:49:02
14 Aug 2019 13:49:02
14 Aug 2019 13:49:02
14 Aug 2019 13:49:02
14 Aug 2019 13:49:03
14 Aug 2019 13:49:03
14 Aug 2019 13:49:03
14 Aug 2019 13:49:03
14 Aug 2019 13:49:03
14 Aug 2019 13:49:03
14 Aug 2019 13:49:03
14 Aug 2019 13:57:30
14 Aug 2019 13:57:30
14 Aug 2019 13:57:31
14 Aug 2019 13:57:32
14 Aug 2019 13:58:43
14 Aug 2019 14:11:10
14 Aug 2019 14:11:13
14 Aug 2019 14:11:48
14 Aug 2019 14:11:48
14 Aug 2019 14:11:49
14 Aug 2019 14:18:48
14 Aug 2019 14:19:00
14 Aug 2019 14:19:01
14 Aug 2019 14:21:14
14 Aug 2019 14:21:15
14 Aug 2019 14:21:15
14 Aug 2019 14:35:25
14 Aug 2019 14:35:26
14 Aug 2019 14:35:27
14 Aug 2019 14:46:58
14 Aug 2019 14:46:59
14 Aug 2019 14:46:59
14 Aug 2019 14:50:19
14 Aug 2019 14:50:46
14 Aug 2019 14:52:27
14 Aug 2019 14:54:00
14 Aug 2019 14:56:48
14 Aug 2019 15:01:27
14 Aug 2019 15:01:27
14 Aug 2019 15:01:28
14 Aug 2019 15:01:29
14 Aug 2019 15:02:49
14 Aug 2019 15:02:50
14 Aug 2019 15:15:17
14 Aug 2019 15:15:18
14 Aug 2019 15:15:19
14 Aug 2019 15:17:30
14 Aug 2019 15:23:56
14 Aug 2019 15:23:56
14 Aug 2019 15:24:58
14 Aug 2019 15:24:58
14 Aug 2019 15:28:54
14 Aug 2019 15:28:55
14 Aug 2019 15:28:56
14 Aug 2019 15:43:52
14 Aug 2019 15:43:56
14 Aug 2019 15:44:23
14 Aug 2019 15:44:25
14 Aug 2019 15:44:26
14 Aug 2019 15:44:41
14 Aug 2019 15:52:52
14 Aug 2019 15:57:40
14 Aug 2019 15:57:40
14 Aug 2019 15:57:41
14 Aug 2019 15:57:42
14 Aug 2019 16:06:36
14 Aug 2019 16:06:37
14 Aug 2019 16:11:06
14 Aug 2019 16:11:06
14 Aug 2019 16:11:07
14 Aug 2019 16:18:16
14 Aug 2019 16:24:07
14 Aug 2019 16:28:19
14 Aug 2019 16:28:20
14 Aug 2019 16:28:22
14 Aug 2019 16:30:17
14 Aug 2019 16:31:23
14 Aug 2019 16:31:24
14 Aug 2019 16:35:50
14 Aug 2019 16:47:13
14 Aug 2019 16:47:13
14 Aug 2019 16:51:52
14 Aug 2019 16:53:55
14 Aug 2019 16:54:25
14 Aug 2019 16:54:25
14 Aug 2019 16:54:38
14 Aug 2019 16:55:12
14 Aug 2019 17:14:25
14 Aug 2019 17:14:25
14 Aug 2019 17:14:25
14 Aug 2019 17:14:27
14 Aug 2019 17:14:27
14 Aug 2019 17:19:49
14 Aug 2019 17:23:47
14 Aug 2019 17:23:48
14 Aug 2019 17:28:00
14 Aug 2019 17:28:01
14 Aug 2019 17:28:02
14 Aug 2019 17:30:53
14 Aug 2019 17:31:04
14 Aug 2019 17:31:17
14 Aug 2019 17:31:30
14 Aug 2019 17:31:35
14 Aug 2019 17:31:39
14 Aug 2019 17:31:49
14 Aug 2019 17:32:00
14 Aug 2019 17:32:12
14 Aug 2019 17:32:25
14 Aug 2019 17:32:46
14 Aug 2019 17:32:59
14 Aug 2019 17:33:11
14 Aug 2019 17:33:23
14 Aug 2019 17:33:34
14 Aug 2019 17:33:46
14 Aug 2019 17:33:54
14 Aug 2019 17:34:07
14 Aug 2019 17:34:19
14 Aug 2019 17:34:29
14 Aug 2019 17:34:36
14 Aug 2019 17:34:54
14 Aug 2019 17:35:09
14 Aug 2019 17:38:12
14 Aug 2019 17:38:12
14 Aug 2019 17:40:37
14 Aug 2019 17:44:17
14 Aug 2019 17:44:17
14 Aug 2019 17:44:18
14 Aug 2019 17:52:20
14 Aug 2019 17:55:02
14 Aug 2019 18:00:22
14 Aug 2019 18:00:22
14 Aug 2019 18:00:24
14 Aug 2019 18:00:26
14 Aug 2019 18:01:38
14 Aug 2019 18:01:39
14 Aug 2019 18:10:07
14 Aug 2019 18:14:16
14 Aug 2019 18:14:17
14 Aug 2019 18:14:17
14 Aug 2019 18:14:17
14 Aug 2019 18:14:17
14 Aug 2019 18:14:17
14 Aug 2019 18:14:17
14 Aug 2019 18:14:17
14 Aug 2019 18:14:17
14 Aug 2019 18:14:18
14 Aug 2019 18:14:18
14 Aug 2019 18:14:18
14 Aug 2019 18:14:18
14 Aug 2019 18:14:18
14 Aug 2019 18:14:18
14 Aug 2019 18:14:18
14 Aug 2019 18:14:18
14 Aug 2019 18:14:18
14 Aug 2019 18:14:18
14 Aug 2019 18:14:18
14 Aug 2019 18:14:18
14 Aug 2019 18:14:18
14 Aug 2019 18:14:18
14 Aug 2019 18:14:18
14 Aug 2019 18:14:18
14 Aug 2019 18:14:18
14 Aug 2019 18:14:18
14 Aug 2019 18:14:18
14 Aug 2019 18:14:18
14 Aug 2019 18:14:18
14 Aug 2019 18:14:18
14 Aug 2019 18:14:18
14 Aug 2019 18:14:18
14 Aug 2019 18:14:18
14 Aug 2019 18:14:18
14 Aug 2019 18:14:28
14 Aug 2019 18:14:28
14 Aug 2019 18:14:28
14 Aug 2019 18:16:06
14 Aug 2019 18:16:57
14 Aug 2019 18:16:59
14 Aug 2019 18:17:01
14 Aug 2019 18:26:29
14 Aug 2019 18:29:37
14 Aug 2019 18:29:41
14 Aug 2019 18:29:54
14 Aug 2019 18:30:12
14 Aug 2019 18:30:12
14 Aug 2019 18:32:32
14 Aug 2019 18:32:33
14 Aug 2019 18:32:35
14 Aug 2019 18:36:26
14 Aug 2019 18:44:20
14 Aug 2019 18:44:20
14 Aug 2019 18:47:19
14 Aug 2019 18:48:02
14 Aug 2019 18:48:02
14 Aug 2019 18:48:03
14 Aug 2019 18:58:47
14 Aug 2019 19:02:51
14 Aug 2019 19:16:50
14 Aug 2019 19:21:17
14 Aug 2019 19:21:17
14 Aug 2019 19:21:18
14 Aug 2019 19:21:18
14 Aug 2019 19:23:14
14 Aug 2019 19:23:14
14 Aug 2019 19:23:14
14 Aug 2019 19:23:15
14 Aug 2019 19:23:15
14 Aug 2019 19:23:15
14 Aug 2019 19:23:18
14 Aug 2019 19:23:18
14 Aug 2019 19:23:18
14 Aug 2019 19:23:18
14 Aug 2019 19:23:22
14 Aug 2019 19:23:22
14 Aug 2019 19:23:49
14 Aug 2019 19:23:49
14 Aug 2019 19:26:40
14 Aug 2019 19:26:41
14 Aug 2019 19:29:23
14 Aug 2019 19:33:24
14 Aug 2019 19:38:36
14 Aug 2019 19:38:38
14 Aug 2019 19:38:40
14 Aug 2019 19:47:21
14 Aug 2019 19:58:44
14 Aug 2019 19:59:30
14 Aug 2019 19:59:30
14 Aug 2019 19:59:40
14 Aug 2019 19:59:53
14 Aug 2019 20:00:14
14 Aug 2019 20:03:43
14 Aug 2019 20:25:44
14 Aug 2019 20:25:44
14 Aug 2019 20:25:46
14 Aug 2019 20:25:48
14 Aug 2019 20:33:15
14 Aug 2019 20:33:15
14 Aug 2019 20:38:34
14 Aug 2019 20:38:35
14 Aug 2019 20:38:37
14 Aug 2019 20:40:19
14 Aug 2019 20:42:50
14 Aug 2019 20:46:42
14 Aug 2019 20:46:45
14 Aug 2019 20:49:48
14 Aug 2019 20:49:49
14 Aug 2019 20:49:49
14 Aug 2019 20:52:43
14 Aug 2019 20:52:43
14 Aug 2019 20:52:44
14 Aug 2019 20:56:37
14 Aug 2019 20:59:06
14 Aug 2019 20:59:06
14 Aug 2019 20:59:08
14 Aug 2019 20:59:08
14 Aug 2019 20:59:09
14 Aug 2019 20:59:10
14 Aug 2019 20:59:12
14 Aug 2019 20:59:15
14 Aug 2019 20:59:17
14 Aug 2019 20:59:18
14 Aug 2019 20:59:21
14 Aug 2019 20:59:25
14 Aug 2019 20:59:26
14 Aug 2019 20:59:29
14 Aug 2019 20:59:30
14 Aug 2019 20:59:32
14 Aug 2019 20:59:33
14 Aug 2019 20:59:37
14 Aug 2019 20:59:40
14 Aug 2019 20:59:42
14 Aug 2019 20:59:43
14 Aug 2019 21:00:01
14 Aug 2019 21:04:07
14 Aug 2019 21:04:11
14 Aug 2019 21:23:19
14 Aug 2019 21:23:19
14 Aug 2019 21:23:20
14 Aug 2019 21:25:54
14 Aug 2019 21:25:55
14 Aug 2019 21:36:19
14 Aug 2019 21:36:20
14 Aug 2019 21:39:35
14 Aug 2019 21:39:35
14 Aug 2019 21:39:35
14 Aug 2019 21:47:43
14 Aug 2019 21:50:58
14 Aug 2019 21:55:48
14 Aug 2019 21:55:54
14 Aug 2019 21:55:56
14 Aug 2019 21:57:44
14 Aug 2019 21:57:44
14 Aug 2019 22:04:04
14 Aug 2019 22:05:00
14 Aug 2019 22:11:33
14 Aug 2019 22:11:34
14 Aug 2019 22:11:35
14 Aug 2019 22:15:47
14 Aug 2019 22:15:48
14 Aug 2019 22:17:21
14 Aug 2019 22:18:00
14 Aug 2019 22:18:00
14 Aug 2019 22:19:10
14 Aug 2019 22:27:04
14 Aug 2019 22:27:05
14 Aug 2019 22:27:08
14 Aug 2019 22:43:16
14 Aug 2019 22:43:17
14 Aug 2019 22:43:17
14 Aug 2019 22:53:28
14 Aug 2019 22:56:43
14 Aug 2019 23:15:46
14 Aug 2019 23:15:46
14 Aug 2019 23:15:47
14 Aug 2019 23:15:48
14 Aug 2019 23:22:13
14 Aug 2019 23:23:59
14 Aug 2019 23:24:00
14 Aug 2019 23:24:00
14 Aug 2019 23:24:32
14 Aug 2019 23:24:32
14 Aug 2019 23:31:56
14 Aug 2019 23:31:58
14 Aug 2019 23:31:58
14 Aug 2019 23:31:58
14 Aug 2019 23:38:25
14 Aug 2019 23:38:25
14 Aug 2019 23:44:04
14 Aug 2019 23:44:18
14 Aug 2019 23:50:24
14 Aug 2019 23:50:26
14 Aug 2019 23:50:27
15 Aug 2019 00:00:37
15 Aug 2019 00:01:54
15 Aug 2019 00:01:55
15 Aug 2019 00:01:55
15 Aug 2019 00:09:20
15 Aug 2019 00:22:23
15 Aug 2019 00:22:24
15 Aug 2019 00:22:24
15 Aug 2019 00:24:38
15 Aug 2019 00:24:38
15 Aug 2019 00:25:46

14 Aug 2019 04:12:10
14 Aug 2019 04:38:35
14 Aug 2019 04:38:36
14 Aug 2019 04:38:37
14 Aug 2019 04:57:08
14 Aug 2019 05:02:20
14 Aug 2019 05:04:20
14 Aug 2019 05:04:48
14 Aug 2019 05:05:39
14 Aug 2019 05:05:51
14 Aug 2019 05:05:51
14 Aug 2019 05:07:38
14 Aug 2019 05:07:39
14 Aug 2019 05:10:07
14 Aug 2019 05:17:39
14 Aug 2019 05:17:43
14 Aug 2019 05:17:44
14 Aug 2019 05:22:09
14 Aug 2019 05:22:10
14 Aug 2019 05:33:32
14 Aug 2019 05:33:34
14 Aug 2019 05:33:35
14 Aug 2019 05:39:19
14 Aug 2019 05:39:42
14 Aug 2019 05:39:43
14 Aug 2019 05:52:39
14 Aug 2019 05:55:41
14 Aug 2019 05:57:40
14 Aug 2019 05:57:40
14 Aug 2019 06:02:50
14 Aug 2019 06:07:07
14 Aug 2019 06:07:59
14 Aug 2019 06:13:53
14 Aug 2019 06:15:34
14 Aug 2019 06:28:13
14 Aug 2019 06:28:13
14 Aug 2019 06:28:13
14 Aug 2019 06:35:37
14 Aug 2019 06:35:38
14 Aug 2019 06:41:48
14 Aug 2019 06:41:49
14 Aug 2019 06:45:20
14 Aug 2019 06:46:41
14 Aug 2019 06:56:57
14 Aug 2019 06:56:58
14 Aug 2019 06:57:00
14 Aug 2019 06:57:01
14 Aug 2019 06:57:02
14 Aug 2019 07:07:18
14 Aug 2019 07:07:19
14 Aug 2019 07:07:20
14 Aug 2019 07:07:20
14 Aug 2019 07:07:21
14 Aug 2019 07:07:55
14 Aug 2019 07:07:57
14 Aug 2019 07:07:57
14 Aug 2019 07:09:43
14 Aug 2019 07:13:11
14 Aug 2019 07:13:14
14 Aug 2019 07:24:23
14 Aug 2019 07:24:23
14 Aug 2019 07:24:24
14 Aug 2019 07:45:28
14 Aug 2019 07:45:29
14 Aug 2019 07:49:27
14 Aug 2019 07:49:30
14 Aug 2019 07:54:05
14 Aug 2019 07:54:09
14 Aug 2019 07:54:37
14 Aug 2019 07:57:08
14 Aug 2019 07:57:09
14 Aug 2019 07:57:09
14 Aug 2019 08:10:56
14 Aug 2019 08:21:48
14 Aug 2019 08:23:40
14 Aug 2019 08:23:40
14 Aug 2019 08:23:41
14 Aug 2019 08:26:34
14 Aug 2019 08:26:35
14 Aug 2019 08:30:17
14 Aug 2019 08:39:44
14 Aug 2019 08:40:24
14 Aug 2019 08:42:49
14 Aug 2019 08:42:50
14 Aug 2019 08:43:41
14 Aug 2019 08:44:52
14 Aug 2019 08:44:55
14 Aug 2019 08:44:55
14 Aug 2019 08:44:58
14 Aug 2019 08:45:35
14 Aug 2019 08:45:36
14 Aug 2019 08:45:39
14 Aug 2019 09:06:27
14 Aug 2019 09:06:27
14 Aug 2019 09:06:32
14 Aug 2019 09:06:33
14 Aug 2019 09:08:30
14 Aug 2019 09:08:31
14 Aug 2019 09:08:33
14 Aug 2019 09:10:21
14 Aug 2019 09:17:15
14 Aug 2019 09:17:15
14 Aug 2019 09:17:15
14 Aug 2019 09:17:15
14 Aug 2019 09:17:15
14 Aug 2019 09:17:15
14 Aug 2019 09:17:15
14 Aug 2019 09:17:15
14 Aug 2019 09:17:15
14 Aug 2019 09:17:15
14 Aug 2019 09:17:15
14 Aug 2019 09:17:15
14 Aug 2019 09:17:15
14 Aug 2019 09:17:15
14 Aug 2019 09:17:16
14 Aug 2019 09:17:16
14 Aug 2019 09:17:16
14 Aug 2019 09:17:16
14 Aug 2019 09:17:16
14 Aug 2019 09:17:16
14 Aug 2019 09:17:16
14 Aug 2019 09:17:16
14 Aug 2019 09:17:16
14 Aug 2019 09:17:16
14 Aug 2019 09:17:16
14 Aug 2019 09:17:16
14 Aug 2019 09:17:16
14 Aug 2019 09:17:16
14 Aug 2019 09:17:16
14 Aug 2019 09:17:16
14 Aug 2019 09:17:16
14 Aug 2019 09:17:16
14 Aug 2019 09:17:16
14 Aug 2019 09:17:47
14 Aug 2019 09:21:46
14 Aug 2019 09:31:46
14 Aug 2019 09:31:47
14 Aug 2019 09:31:47
14 Aug 2019 09:31:48
14 Aug 2019 09:31:48
14 Aug 2019 09:31:49
14 Aug 2019 09:31:50
14 Aug 2019 09:31:50
14 Aug 2019 09:31:50
14 Aug 2019 09:31:50
14 Aug 2019 09:31:51
14 Aug 2019 09:31:52
14 Aug 2019 09:48:27
14 Aug 2019 09:48:28
14 Aug 2019 09:48:30
14 Aug 2019 09:50:14
14 Aug 2019 09:50:15
14 Aug 2019 09:50:27
14 Aug 2019 09:50:28
14 Aug 2019 10:15:47
14 Aug 2019 10:17:37
14 Aug 2019 10:17:37
14 Aug 2019 10:17:38
14 Aug 2019 10:17:43
14 Aug 2019 10:19:24
14 Aug 2019 10:19:25
14 Aug 2019 10:19:25
14 Aug 2019 10:19:26
14 Aug 2019 10:19:27
14 Aug 2019 10:19:28
14 Aug 2019 10:19:28
14 Aug 2019 10:19:29
14 Aug 2019 10:21:00
14 Aug 2019 10:21:00
14 Aug 2019 10:21:00
14 Aug 2019 10:21:00
14 Aug 2019 10:21:00
14 Aug 2019 10:21:00
14 Aug 2019 10:21:00
14 Aug 2019 10:21:00
14 Aug 2019 10:21:00
14 Aug 2019 10:21:00
14 Aug 2019 10:21:00
14 Aug 2019 10:21:00
14 Aug 2019 10:21:00
14 Aug 2019 10:21:00
14 Aug 2019 10:21:00
14 Aug 2019 10:21:01
14 Aug 2019 10:21:01
14 Aug 2019 10:23:21
14 Aug 2019 10:27:26
14 Aug 2019 10:27:30
14 Aug 2019 10:27:34
14 Aug 2019 10:30:56
14 Aug 2019 10:30:58
14 Aug 2019 10:30:59
14 Aug 2019 10:32:05
14 Aug 2019 10:32:07
14 Aug 2019 10:47:38
14 Aug 2019 10:47:40
14 Aug 2019 10:47:41
14 Aug 2019 11:00:23
14 Aug 2019 11:00:25
14 Aug 2019 11:00:25
14 Aug 2019 11:02:09
14 Aug 2019 11:02:10
14 Aug 2019 11:02:11
14 Aug 2019 11:04:50
14 Aug 2019 11:04:54
14 Aug 2019 11:17:49
14 Aug 2019 11:17:49
14 Aug 2019 11:17:50
14 Aug 2019 11:32:44
14 Aug 2019 11:32:49
14 Aug 2019 11:32:51
14 Aug 2019 11:32:52
14 Aug 2019 11:33:32
14 Aug 2019 11:56:29
14 Aug 2019 11:57:06
14 Aug 2019 11:57:07
14 Aug 2019 11:57:08
14 Aug 2019 11:57:30
14 Aug 2019 11:57:30
14 Aug 2019 11:57:31
14 Aug 2019 11:57:31
14 Aug 2019 11:57:32
14 Aug 2019 11:57:33
14 Aug 2019 11:57:34
14 Aug 2019 11:57:34
14 Aug 2019 11:57:34
14 Aug 2019 11:57:34
14 Aug 2019 11:57:35
14 Aug 2019 11:57:35
14 Aug 2019 11:57:35
14 Aug 2019 11:59:33
14 Aug 2019 11:59:33
14 Aug 2019 11:59:33
14 Aug 2019 12:03:00
14 Aug 2019 12:03:01
14 Aug 2019 12:07:30
14 Aug 2019 12:07:30
14 Aug 2019 12:11:15
14 Aug 2019 12:11:16
14 Aug 2019 12:11:16
14 Aug 2019 12:11:16
14 Aug 2019 12:11:16
14 Aug 2019 12:11:16
14 Aug 2019 12:11:16
14 Aug 2019 12:11:16
14 Aug 2019 12:11:16
14 Aug 2019 12:11:16
14 Aug 2019 12:11:16
14 Aug 2019 12:11:16
14 Aug 2019 12:11:16
14 Aug 2019 12:11:16
14 Aug 2019 12:11:16
14 Aug 2019 12:11:17
14 Aug 2019 12:11:17
14 Aug 2019 12:11:17
14 Aug 2019 12:11:17
14 Aug 2019 12:11:17
14 Aug 2019 12:11:17
14 Aug 2019 12:11:17
14 Aug 2019 12:11:17
14 Aug 2019 12:11:17
14 Aug 2019 12:11:17
14 Aug 2019 12:11:17
14 Aug 2019 12:11:17
14 Aug 2019 12:11:17
14 Aug 2019 12:11:17
14 Aug 2019 12:11:17
14 Aug 2019 12:11:17
14 Aug 2019 12:11:17
14 Aug 2019 12:11:17
14 Aug 2019 12:11:17
14 Aug 2019 12:11:37
14 Aug 2019 12:11:37
14 Aug 2019 12:11:37
14 Aug 2019 12:12:14
14 Aug 2019 12:12:14
14 Aug 2019 12:12:22
14 Aug 2019 12:12:22
14 Aug 2019 12:12:22
14 Aug 2019 12:35:00
14 Aug 2019 12:35:35
14 Aug 2019 12:43:31
14 Aug 2019 12:43:32
14 Aug 2019 12:44:24
14 Aug 2019 12:44:24
14 Aug 2019 12:44:25
14 Aug 2019 12:47:42
14 Aug 2019 12:50:19
14 Aug 2019 12:56:23
14 Aug 2019 12:58:05
14 Aug 2019 12:58:09
14 Aug 2019 12:58:09
14 Aug 2019 12:58:37
14 Aug 2019 12:59:50
14 Aug 2019 12:59:52
14 Aug 2019 12:59:53
14 Aug 2019 13:07:13
14 Aug 2019 13:09:40
14 Aug 2019 13:09:41
14 Aug 2019 13:12:47
14 Aug 2019 13:13:11
14 Aug 2019 13:13:12
14 Aug 2019 13:13:12
14 Aug 2019 13:14:32
14 Aug 2019 13:14:34
14 Aug 2019 13:17:41
14 Aug 2019 13:17:41
14 Aug 2019 13:25:44
14 Aug 2019 13:25:45
14 Aug 2019 13:25:47
14 Aug 2019 13:26:06
14 Aug 2019 13:28:25
14 Aug 2019 13:28:25
14 Aug 2019 13:36:55
14 Aug 2019 13:41:42
14 Aug 2019 13:42:30
14 Aug 2019 13:43:59
14 Aug 2019 13:44:05
14 Aug 2019 13:44:11
14 Aug 2019 13:45:16
14 Aug 2019 13:45:17
14 Aug 2019 13:46:35
14 Aug 2019 13:47:51
14 Aug 2019 13:49:02
14 Aug 2019 13:49:02
14 Aug 2019 13:49:02
14 Aug 2019 13:49:02
14 Aug 2019 13:49:02
14 Aug 2019 13:49:02
14 Aug 2019 13:49:02
14 Aug 2019 13:49:02
14 Aug 2019 13:49:02
14 Aug 2019 13:49:03
14 Aug 2019 13:49:03
14 Aug 2019 13:49:03
14 Aug 2019 13:49:03
14 Aug 2019 13:49:03
14 Aug 2019 13:49:03
14 Aug 2019 13:49:03
14 Aug 2019 13:57:30
14 Aug 2019 13:57:30
14 Aug 2019 13:57:31
14 Aug 2019 13:57:32
14 Aug 2019 13:58:43
14 Aug 2019 14:11:10
14 Aug 2019 14:11:13
14 Aug 2019 14:11:48
14 Aug 2019 14:11:48
14 Aug 2019 14:11:49
14 Aug 2019 14:18:48
14 Aug 2019 14:19:00
14 Aug 2019 14:19:01
14 Aug 2019 14:21:14
14 Aug 2019 14:21:15
14 Aug 2019 14:21:15
14 Aug 2019 14:35:25
14 Aug 2019 14:35:26
14 Aug 2019 14:35:27
14 Aug 2019 14:46:58
14 Aug 2019 14:46:59
14 Aug 2019 14:46:59
14 Aug 2019 14:50:19
14 Aug 2019 14:50:46
14 Aug 2019 14:52:27
14 Aug 2019 14:54:00
14 Aug 2019 14:56:48
14 Aug 2019 15:01:27
14 Aug 2019 15:01:27
14 Aug 2019 15:01:28
14 Aug 2019 15:01:29
14 Aug 2019 15:02:49
14 Aug 2019 15:02:50
14 Aug 2019 15:15:17
14 Aug 2019 15:15:18
14 Aug 2019 15:15:19
14 Aug 2019 15:17:30
14 Aug 2019 15:23:56
14 Aug 2019 15:23:56
14 Aug 2019 15:24:58
14 Aug 2019 15:24:58
14 Aug 2019 15:28:54
14 Aug 2019 15:28:55
14 Aug 2019 15:28:56
14 Aug 2019 15:43:52
14 Aug 2019 15:43:56
14 Aug 2019 15:44:23
14 Aug 2019 15:44:25
14 Aug 2019 15:44:26
14 Aug 2019 15:44:41
14 Aug 2019 15:52:52
14 Aug 2019 15:57:40
14 Aug 2019 15:57:40
14 Aug 2019 15:57:41
14 Aug 2019 15:57:42
14 Aug 2019 16:06:36
14 Aug 2019 16:06:37
14 Aug 2019 16:11:06
14 Aug 2019 16:11:06
14 Aug 2019 16:11:07
14 Aug 2019 16:18:16
14 Aug 2019 16:24:07
14 Aug 2019 16:28:19
14 Aug 2019 16:28:20
14 Aug 2019 16:28:22
14 Aug 2019 16:30:17
14 Aug 2019 16:31:23
14 Aug 2019 16:31:24
14 Aug 2019 16:35:50
14 Aug 2019 16:47:13
14 Aug 2019 16:47:13
14 Aug 2019 16:51:52
14 Aug 2019 16:53:55
14 Aug 2019 16:54:25
14 Aug 2019 16:54:25
14 Aug 2019 16:54:38
14 Aug 2019 16:55:12
14 Aug 2019 17:14:25
14 Aug 2019 17:14:25
14 Aug 2019 17:14:25
14 Aug 2019 17:14:27
14 Aug 2019 17:14:27
14 Aug 2019 17:19:49
14 Aug 2019 17:23:47
14 Aug 2019 17:23:48
14 Aug 2019 17:28:00
14 Aug 2019 17:28:01
14 Aug 2019 17:28:02
14 Aug 2019 17:30:53
14 Aug 2019 17:31:04
14 Aug 2019 17:31:17
14 Aug 2019 17:31:30
14 Aug 2019 17:31:35
14 Aug 2019 17:31:39
14 Aug 2019 17:31:49
14 Aug 2019 17:32:00
14 Aug 2019 17:32:12
14 Aug 2019 17:32:25
14 Aug 2019 17:32:46
14 Aug 2019 17:32:59
14 Aug 2019 17:33:11
14 Aug 2019 17:33:23
14 Aug 2019 17:33:34
14 Aug 2019 17:33:46
14 Aug 2019 17:33:54
14 Aug 2019 17:34:07
14 Aug 2019 17:34:19
14 Aug 2019 17:34:29
14 Aug 2019 17:34:36
14 Aug 2019 17:34:54
14 Aug 2019 17:35:09
14 Aug 2019 17:38:12
14 Aug 2019 17:38:12
14 Aug 2019 17:40:37
14 Aug 2019 17:44:17
14 Aug 2019 17:44:17
14 Aug 2019 17:44:18
14 Aug 2019 17:52:20
14 Aug 2019 17:55:02
14 Aug 2019 18:00:22
14 Aug 2019 18:00:22
14 Aug 2019 18:00:24
14 Aug 2019 18:00:26
14 Aug 2019 18:01:38
14 Aug 2019 18:01:39
14 Aug 2019 18:10:07
14 Aug 2019 18:14:16
14 Aug 2019 18:14:17
14 Aug 2019 18:14:17
14 Aug 2019 18:14:17
14 Aug 2019 18:14:17
14 Aug 2019 18:14:17
14 Aug 2019 18:14:17
14 Aug 2019 18:14:17
14 Aug 2019 18:14:17
14 Aug 2019 18:14:18
14 Aug 2019 18:14:18
14 Aug 2019 18:14:18
14 Aug 2019 18:14:18
14 Aug 2019 18:14:18
14 Aug 2019 18:14:18
14 Aug 2019 18:14:18
14 Aug 2019 18:14:18
14 Aug 2019 18:14:18
14 Aug 2019 18:14:18
14 Aug 2019 18:14:18
14 Aug 2019 18:14:18
14 Aug 2019 18:14:18
14 Aug 2019 18:14:18
14 Aug 2019 18:14:18
14 Aug 2019 18:14:18
14 Aug 2019 18:14:18
14 Aug 2019 18:14:18
14 Aug 2019 18:14:18
14 Aug 2019 18:14:18
14 Aug 2019 18:14:18
14 Aug 2019 18:14:18
14 Aug 2019 18:14:18
14 Aug 2019 18:14:18
14 Aug 2019 18:14:18
14 Aug 2019 18:14:18
14 Aug 2019 18:14:28
14 Aug 2019 18:14:28
14 Aug 2019 18:14:28
14 Aug 2019 18:16:06
14 Aug 2019 18:16:57
14 Aug 2019 18:16:59
14 Aug 2019 18:17:01
14 Aug 2019 18:26:29
14 Aug 2019 18:29:37
14 Aug 2019 18:29:41
14 Aug 2019 18:29:54
14 Aug 2019 18:30:12
14 Aug 2019 18:30:12
14 Aug 2019 18:32:32
14 Aug 2019 18:32:33
14 Aug 2019 18:32:35
14 Aug 2019 18:36:26
14 Aug 2019 18:44:20
14 Aug 2019 18:44:20
14 Aug 2019 18:47:19
14 Aug 2019 18:48:02
14 Aug 2019 18:48:02
14 Aug 2019 18:48:03
14 Aug 2019 18:58:47
14 Aug 2019 19:02:51
14 Aug 2019 19:16:50
14 Aug 2019 19:21:17
14 Aug 2019 19:21:17
14 Aug 2019 19:21:18
14 Aug 2019 19:21:18
14 Aug 2019 19:23:14
14 Aug 2019 19:23:14
14 Aug 2019 19:23:14
14 Aug 2019 19:23:15
14 Aug 2019 19:23:15
14 Aug 2019 19:23:15
14 Aug 2019 19:23:18
14 Aug 2019 19:23:18
14 Aug 2019 19:23:18
14 Aug 2019 19:23:18
14 Aug 2019 19:23:22
14 Aug 2019 19:23:22
14 Aug 2019 19:23:49
14 Aug 2019 19:23:49
14 Aug 2019 19:26:40
14 Aug 2019 19:26:41
14 Aug 2019 19:29:23
14 Aug 2019 19:33:24
14 Aug 2019 19:38:36
14 Aug 2019 19:38:38
14 Aug 2019 19:38:40
14 Aug 2019 19:47:21
14 Aug 2019 19:58:44
14 Aug 2019 19:59:30
14 Aug 2019 19:59:30
14 Aug 2019 19:59:40
14 Aug 2019 19:59:53
14 Aug 2019 20:00:14
14 Aug 2019 20:03:43
14 Aug 2019 20:25:44
14 Aug 2019 20:25:44
14 Aug 2019 20:25:46
14 Aug 2019 20:25:48
14 Aug 2019 20:33:15
14 Aug 2019 20:33:15
14 Aug 2019 20:38:34
14 Aug 2019 20:38:35
14 Aug 2019 20:38:37
14 Aug 2019 20:40:19
14 Aug 2019 20:42:50
14 Aug 2019 20:46:42
14 Aug 2019 20:46:45
14 Aug 2019 20:49:48
14 Aug 2019 20:49:49
14 Aug 2019 20:49:49
14 Aug 2019 20:52:43
14 Aug 2019 20:52:43
14 Aug 2019 20:52:44
14 Aug 2019 20:56:37
14 Aug 2019 20:59:06
14 Aug 2019 20:59:06
14 Aug 2019 20:59:08
14 Aug 2019 20:59:08
14 Aug 2019 20:59:09
14 Aug 2019 20:59:10
14 Aug 2019 20:59:12
14 Aug 2019 20:59:15
14 Aug 2019 20:59:17
14 Aug 2019 20:59:18
14 Aug 2019 20:59:21
14 Aug 2019 20:59:25
14 Aug 2019 20:59:26
14 Aug 2019 20:59:29
14 Aug 2019 20:59:30
14 Aug 2019 20:59:32
14 Aug 2019 20:59:33
14 Aug 2019 20:59:37
14 Aug 2019 20:59:40
14 Aug 2019 20:59:42
14 Aug 2019 20:59:43
14 Aug 2019 21:00:01
14 Aug 2019 21:04:07
14 Aug 2019 21:04:11
14 Aug 2019 21:23:19
14 Aug 2019 21:23:19
14 Aug 2019 21:23:20
14 Aug 2019 21:25:54
14 Aug 2019 21:25:55
14 Aug 2019 21:36:19
14 Aug 2019 21:36:20
14 Aug 2019 21:39:35
14 Aug 2019 21:39:35
14 Aug 2019 21:39:35
14 Aug 2019 21:47:43
14 Aug 2019 21:50:58
14 Aug 2019 21:55:48
14 Aug 2019 21:55:54
14 Aug 2019 21:55:56
14 Aug 2019 21:57:44
14 Aug 2019 21:57:44
14 Aug 2019 22:04:04
14 Aug 2019 22:05:00
14 Aug 2019 22:11:33
14 Aug 2019 22:11:34
14 Aug 2019 22:11:35
14 Aug 2019 22:15:47
14 Aug 2019 22:15:48
14 Aug 2019 22:17:21
14 Aug 2019 22:18:00
14 Aug 2019 22:18:00
14 Aug 2019 22:19:10
14 Aug 2019 22:27:04
14 Aug 2019 22:27:05
14 Aug 2019 22:27:08
14 Aug 2019 22:43:16
14 Aug 2019 22:43:17
14 Aug 2019 22:43:17
14 Aug 2019 22:53:28
14 Aug 2019 22:56:43
14 Aug 2019 23:15:46
14 Aug 2019 23:15:46
14 Aug 2019 23:15:47
14 Aug 2019 23:15:48
14 Aug 2019 23:22:13
14 Aug 2019 23:23:59
14 Aug 2019 23:24:00
14 Aug 2019 23:24:00
14 Aug 2019 23:24:32
14 Aug 2019 23:24:32
14 Aug 2019 23:31:56
14 Aug 2019 23:31:58
14 Aug 2019 23:31:58
14 Aug 2019 23:31:58
14 Aug 2019 23:38:25
14 Aug 2019 23:38:25
14 Aug 2019 23:44:04
14 Aug 2019 23:44:18
14 Aug 2019 23:50:24
14 Aug 2019 23:50:26
14 Aug 2019 23:50:27
15 Aug 2019 00:00:37
15 Aug 2019 00:01:54
15 Aug 2019 00:01:55
15 Aug 2019 00:01:55
15 Aug 2019 00:09:20
15 Aug 2019 00:22:23
15 Aug 2019 00:22:24
15 Aug 2019 00:22:24
15 Aug 2019 00:24:38
15 Aug 2019 00:24:38
15 Aug 2019 00:25:46

