--------------------------------------------------------------
This log create from 14/Aug/2019:00:00:00 to 17/Sep/2022:20:45:15
--------------------------------------------------------------
------ MAXIUMUM IP COUNT ------
212.57.117.19 - 37
109.236.252.130 - 39
93.158.167.130 - 45
------ MAXIMUM WWW COUNT ------
http://www.bing.com/bingbot.htm - 11
http://www.semrush.com/bot.html - 21
http://yandex.com/bots - 109
------ HTTP CODE COUNT --------
200-358
301-84
304-1
400-5
403-1
404-48
500-2
------ HTTP ERRORS COUNT ------
400-5
403-1
404-48
500-2
